# JRE version: OpenJDK Runtime Environment Homebrew (17.0.8.1) (build 17.0.8.1+0)
# Java VM: OpenJDK 64-Bit Server VM Homebrew (17.0.8.1+0, mixed mode, sharing, tiered, compressed oops, compressed class ptrs, g1 gc, bsd-aarch64)
Heap:
 garbage-first heap   total 655360K, used 116401K [0x0000000700000000, 0x0000000800000000)
  region size 2048K, 33 young (67584K), 1 survivors (2048K)
 Metaspace       used 7979K, committed 8192K, reserved 1114112K
  class space    used 940K, committed 1024K, reserved 1048576K
GC Heap History (14 events):
Event: 0.661 GC heap before
{Heap before GC invocations=0 (full 0):
 garbage-first heap   total 266240K, used 55264K [0x0000000700000000, 0x0000000800000000)
  region size 2048K, 11 young (22528K), 0 survivors (0K)
 Metaspace       used 7701K, committed 7872K, reserved 1114112K
  class space    used 909K, committed 1024K, reserved 1048576K
}
Event: 0.667 GC heap after
{Heap after GC invocations=1 (full 0):
 garbage-first heap   total 266240K, used 25930K [0x0000000700000000, 0x0000000800000000)
  region size 2048K, 2 young (4096K), 2 survivors (4096K)
 Metaspace       used 7701K, committed 7872K, reserved 1114112K
  class space    used 909K, committed 1024K, reserved 1048576K
}
Event: 0.686 GC heap before
{Heap before GC invocations=1 (full 0):
 garbage-first heap   total 266240K, used 44362K [0x0000000700000000, 0x0000000800000000)
  region size 2048K, 12 young (24576K), 2 survivors (4096K)
 Metaspace       used 7708K, committed 7872K, reserved 1114112K
  class space    used 909K, committed 1024K, reserved 1048576K
}
Event: 0.691 GC heap after
{Heap after GC invocations=2 (full 0):
 garbage-first heap   total 266240K, used 34960K [0x0000000700000000, 0x0000000800000000)
  region size 2048K, 2 young (4096K), 2 survivors (4096K)
 Metaspace       used 7708K, committed 7872K, reserved 1114112K
  class space    used 909K, committed 1024K, reserved 1048576K
}
Event: 0.705 GC heap before
{Heap before GC invocations=2 (full 0):
 garbage-first heap   total 266240K, used 73872K [0x0000000700000000, 0x0000000800000000)
  region size 2048K, 17 young (34816K), 2 survivors (4096K)
 Metaspace       used 7708K, committed 7872K, reserved 1114112K
  class space    used 909K, committed 1024K, reserved 1048576K
}
Event: 0.713 GC heap after
{Heap after GC invocations=3 (full 0):
 garbage-first heap   total 266240K, used 51059K [0x0000000700000000, 0x0000000800000000)
  region size 2048K, 3 young (6144K), 3 survivors (6144K)
 Metaspace       used 7708K, committed 7872K, reserved 1114112K
  class space    used 909K, committed 1024K, reserved 1048576K
}
Event: 0.737 GC heap before
{Heap before GC invocations=3 (full 0):
 garbage-first heap   total 266240K, used 89971K [0x0000000700000000, 0x0000000800000000)
  region size 2048K, 22 young (45056K), 3 survivors (6144K)
 Metaspace       used 7724K, committed 7936K, reserved 1114112K
  class space    used 911K, committed 1024K, reserved 1048576K
}
Event: 0.741 GC heap after
{Heap after GC invocations=4 (full 0):
 garbage-first heap   total 266240K, used 52248K [0x0000000700000000, 0x0000000800000000)
  region size 2048K, 1 young (2048K), 1 survivors (2048K)
 Metaspace       used 7724K, committed 7936K, reserved 1114112K
  class space    used 911K, committed 1024K, reserved 1048576K
}
Event: 0.836 GC heap before
{Heap before GC invocations=4 (full 0):
 garbage-first heap   total 266240K, used 189464K [0x0000000700000000, 0x0000000800000000)
  region size 2048K, 68 young (139264K), 1 survivors (2048K)
 Metaspace       used 7730K, committed 8000K, reserved 1114112K
  class space    used 911K, committed 1024K, reserved 1048576K
}
Event: 0.836 GC heap after
{Heap after GC invocations=5 (full 0):
 garbage-first heap   total 266240K, used 51818K [0x0000000700000000, 0x0000000800000000)
  region size 2048K, 1 young (2048K), 1 survivors (2048K)
 Metaspace       used 7730K, committed 8000K, reserved 1114112K
  class space    used 911K, committed 1024K, reserved 1048576K
}
Event: 0.933 GC heap before
{Heap before GC invocations=5 (full 0):
 garbage-first heap   total 266240K, used 205418K [0x0000000700000000, 0x0000000800000000)
  region size 2048K, 76 young (155648K), 1 survivors (2048K)
 Metaspace       used 7730K, committed 8000K, reserved 1114112K
  class space    used 911K, committed 1024K, reserved 1048576K
}
Event: 0.942 GC heap after
{Heap after GC invocations=6 (full 0):
 garbage-first heap   total 266240K, used 51742K [0x0000000700000000, 0x0000000800000000)
  region size 2048K, 1 young (2048K), 1 survivors (2048K)
 Metaspace       used 7730K, committed 8000K, reserved 1114112K
  class space    used 911K, committed 1024K, reserved 1048576K
}
Event: 1.034 GC heap before
{Heap before GC invocations=6 (full 0):
 garbage-first heap   total 266240K, used 205342K [0x0000000700000000, 0x0000000800000000)
  region size 2048K, 76 young (155648K), 1 survivors (2048K)
 Metaspace       used 7730K, committed 8000K, reserved 1114112K
  class space    used 911K, committed 1024K, reserved 1048576K
}
Event: 1.036 GC heap after
{Heap after GC invocations=7 (full 0):
 garbage-first heap   total 655360K, used 51887K [0x0000000700000000, 0x0000000800000000)
  region size 2048K, 1 young (2048K), 1 survivors (2048K)
 Metaspace       used 7730K, committed 8000K, reserved 1114112K
  class space    used 911K, committed 1024K, reserved 1048576K
}

